<?xml version="1.0" encoding="UTF-8"?>
<testng-results ignored="0" total="1" passed="1" failed="0" skipped="0">
  <reporter-output>
  </reporter-output>
  <suite started-at="2022-04-14T22:15:50 EDT" name="Default suite" finished-at="2022-04-14T22:15:52 EDT" duration-ms="2517">
    <groups>
    </groups>
    <test started-at="2022-04-14T22:15:50 EDT" name="Default test" finished-at="2022-04-14T22:15:52 EDT" duration-ms="2517">
      <class name="com.mz.RestAssuredSuit.Delete_Operation">
        <test-method signature="delete_customer_by_id()[pri:0, instance:com.mz.RestAssuredSuit.Delete_Operation@1ebd319f]" started-at="2022-04-14T22:15:50 EDT" name="delete_customer_by_id" finished-at="2022-04-14T22:15:52 EDT" duration-ms="2469" status="PASS">
          <reporter-output>
          </reporter-output>
        </test-method> <!-- delete_customer_by_id -->
      </class> <!-- com.mz.RestAssuredSuit.Delete_Operation -->
    </test> <!-- Default test -->
  </suite> <!-- Default suite -->
</testng-results>
